Traceback (most recent call last):
  File "matrix.py", line 512, in <module>
    S+=OuterIntegration(i,shapes,mu,data_obsDict,PrettyHugeDict,lnN_matrix,datacards_dict,processes_dict,stats,integrand,Keys,sampler(Num,A,B),measure=1.0,n=100,**IntVars)[0]
  File "matrix.py", line 395, in OuterIntegration
    f = integrate(x,shapes,mu,data_obsDict,PrettyHugeDict,lnN_matrix,datacards_dict,processes_dict,stats,integrand,Keys,sampler(num,a,b),measure=1.0,n=100,**IntVars)[0]
  File "matrix.py", line 381, in integrate
    f = integrand(x,y,shapes,mu,data_obsDict,PrettyHugeDict,lnN_matrix,datacards_dict,processes_dict,stats,**IntVars)
  File "matrix.py", line 406, in integrand
    return P(mu,data_obsDict,PrettyHugeDict,lnN_matrix,datacards_dict,processes_dict,stats,**Assign(append(x,z),Keys,shapes,**IntVars))
  File "matrix.py", line 315, in P
    scale_factors*=power(kwargs[scale],(float(xxx) - 1.0))
KeyboardInterrupt
Traceback (most recent call last):
  File "matrix.py", line 512, in <module>
    S+=OuterIntegration(i,shapes,mu,data_obsDict,PrettyHugeDict,lnN_matrix,datacards_dict,processes_dict,stats,integrand,Keys,sampler(Num,A,B),measure=1.0,n=100,**IntVars)[0]
  File "matrix.py", line 395, in OuterIntegration
    f = integrate(x,shapes,mu,data_obsDict,PrettyHugeDict,lnN_matrix,datacards_dict,processes_dict,stats,integrand,Keys,sampler(num,a,b),measure=1.0,n=100,**IntVars)[0]
  File "matrix.py", line 381, in integrate
    f = integrand(x,y,shapes,mu,data_obsDict,PrettyHugeDict,lnN_matrix,datacards_dict,processes_dict,stats,**IntVars)
  File "matrix.py", line 406, in integrand
    return P(mu,data_obsDict,PrettyHugeDict,lnN_matrix,datacards_dict,processes_dict,stats,**Assign(append(x,z),Keys,shapes,**IntVars))
  File "matrix.py", line 315, in P
    scale_factors*=power(kwargs[scale],(float(xxx) - 1.0))
KeyboardInterrupt
Traceback (most recent call last):
  File "matrix.py", line 3, in <module>
    import numpy
  File "/home/lappet/anaconda/lib/python2.7/site-packages/numpy/__init__.py", line 153, in <module>
    from . import add_newdocs
  File "/home/lappet/anaconda/lib/python2.7/site-packages/numpy/add_newdocs.py", line 13, in <module>
    from numpy.lib import add_newdoc
  File "/home/lappet/anaconda/lib/python2.7/site-packages/numpy/lib/__init__.py", line 18, in <module>
    from .polynomial import *
  File "/home/lappet/anaconda/lib/python2.7/site-packages/numpy/lib/polynomial.py", line 19, in <module>
    from numpy.linalg import eigvals, lstsq, inv
  File "/home/lappet/anaconda/lib/python2.7/site-packages/numpy/linalg/__init__.py", line 50, in <module>
    from .linalg import *
  File "/home/lappet/anaconda/lib/python2.7/site-packages/numpy/linalg/linalg.py", line 29, in <module>
    from numpy.linalg import lapack_lite, _umath_linalg
KeyboardInterrupt
matrix.py:339: RuntimeWarning: divide by zero encountered in log
  ff+=log(ExtendedPoisson(data_obsDict[datacard][k],mu,sk,bk))
matrix.py:339: RuntimeWarning: divide by zero encountered in log
  ff+=log(ExtendedPoisson(data_obsDict[datacard][k],mu,sk,bk))
matrix.py:339: RuntimeWarning: divide by zero encountered in log
  ff+=log(ExtendedPoisson(data_obsDict[datacard][k],mu,sk,bk))
matrix.py:339: RuntimeWarning: divide by zero encountered in log
  ff+=log(ExtendedPoisson(data_obsDict[datacard][k],mu,sk,bk))
matrix.py:339: RuntimeWarning: divide by zero encountered in log
  ff+=log(ExtendedPoisson(data_obsDict[datacard][k],mu,sk,bk))
matrix.py:339: RuntimeWarning: divide by zero encountered in log
  ff+=log(ExtendedPoisson(data_obsDict[datacard][k],mu,sk,bk))
matrix.py:339: RuntimeWarning: divide by zero encountered in log
  ff+=log(ExtendedPoisson(data_obsDict[datacard][k],mu,sk,bk))
matrix.py:339: RuntimeWarning: divide by zero encountered in log
  ff+=log(ExtendedPoisson(data_obsDict[datacard][k],mu,sk,bk))
matrix.py:339: RuntimeWarning: divide by zero encountered in log
  ff+=log(ExtendedPoisson(data_obsDict[datacard][k],mu,sk,bk))
matrix.py:339: RuntimeWarning: divide by zero encountered in log
  ff+=log(ExtendedPoisson(data_obsDict[datacard][k],mu,sk,bk))
matrix.py:339: RuntimeWarning: divide by zero encountered in log
  ff+=log(ExtendedPoisson(data_obsDict[datacard][k],mu,sk,bk))
matrix.py:339: RuntimeWarning: divide by zero encountered in log
  ff+=log(ExtendedPoisson(data_obsDict[datacard][k],mu,sk,bk))
matrix.py:339: RuntimeWarning: divide by zero encountered in log
  ff+=log(ExtendedPoisson(data_obsDict[datacard][k],mu,sk,bk))
matrix.py:339: RuntimeWarning: divide by zero encountered in log
  ff+=log(ExtendedPoisson(data_obsDict[datacard][k],mu,sk,bk))
matrix.py:339: RuntimeWarning: divide by zero encountered in log
  ff+=log(ExtendedPoisson(data_obsDict[datacard][k],mu,sk,bk))
matrix.py:339: RuntimeWarning: divide by zero encountered in log
  ff+=log(ExtendedPoisson(data_obsDict[datacard][k],mu,sk,bk))
matrix.py:339: RuntimeWarning: divide by zero encountered in log
  ff+=log(ExtendedPoisson(data_obsDict[datacard][k],mu,sk,bk))
matrix.py:339: RuntimeWarning: divide by zero encountered in log
  ff+=log(ExtendedPoisson(data_obsDict[datacard][k],mu,sk,bk))
matrix.py:339: RuntimeWarning: divide by zero encountered in log
  ff+=log(ExtendedPoisson(data_obsDict[datacard][k],mu,sk,bk))
matrix.py:339: RuntimeWarning: divide by zero encountered in log
  ff+=log(ExtendedPoisson(data_obsDict[datacard][k],mu,sk,bk))
matrix.py:339: RuntimeWarning: divide by zero encountered in log
  ff+=log(ExtendedPoisson(data_obsDict[datacard][k],mu,sk,bk))
matrix.py:339: RuntimeWarning: divide by zero encountered in log
  ff+=log(ExtendedPoisson(data_obsDict[datacard][k],mu,sk,bk))
matrix.py:339: RuntimeWarning: divide by zero encountered in log
  ff+=log(ExtendedPoisson(data_obsDict[datacard][k],mu,sk,bk))
matrix.py:339: RuntimeWarning: divide by zero encountered in log
  ff+=log(ExtendedPoisson(data_obsDict[datacard][k],mu,sk,bk))
matrix.py:339: RuntimeWarning: divide by zero encountered in log
  ff+=log(ExtendedPoisson(data_obsDict[datacard][k],mu,sk,bk))
matrix.py:339: RuntimeWarning: divide by zero encountered in log
  ff+=log(ExtendedPoisson(data_obsDict[datacard][k],mu,sk,bk))
matrix.py:339: RuntimeWarning: divide by zero encountered in log
  ff+=log(ExtendedPoisson(data_obsDict[datacard][k],mu,sk,bk))
matrix.py:339: RuntimeWarning: divide by zero encountered in log
  ff+=log(ExtendedPoisson(data_obsDict[datacard][k],mu,sk,bk))
matrix.py:339: RuntimeWarning: divide by zero encountered in log
  ff+=log(ExtendedPoisson(data_obsDict[datacard][k],mu,sk,bk))
matrix.py:339: RuntimeWarning: divide by zero encountered in log
  ff+=log(ExtendedPoisson(data_obsDict[datacard][k],mu,sk,bk))
matrix.py:339: RuntimeWarning: divide by zero encountered in log
  ff+=log(ExtendedPoisson(data_obsDict[datacard][k],mu,sk,bk))
matrix.py:339: RuntimeWarning: divide by zero encountered in log
  ff+=log(ExtendedPoisson(data_obsDict[datacard][k],mu,sk,bk))
matrix.py:339: RuntimeWarning: divide by zero encountered in log
  ff+=log(ExtendedPoisson(data_obsDict[datacard][k],mu,sk,bk))
matrix.py:339: RuntimeWarning: divide by zero encountered in log
  ff+=log(ExtendedPoisson(data_obsDict[datacard][k],mu,sk,bk))
matrix.py:339: RuntimeWarning: divide by zero encountered in log
  ff+=log(ExtendedPoisson(data_obsDict[datacard][k],mu,sk,bk))
matrix.py:339: RuntimeWarning: divide by zero encountered in log
  ff+=log(ExtendedPoisson(data_obsDict[datacard][k],mu,sk,bk))
matrix.py:339: RuntimeWarning: divide by zero encountered in log
  ff+=log(ExtendedPoisson(data_obsDict[datacard][k],mu,sk,bk))
matrix.py:339: RuntimeWarning: divide by zero encountered in log
  ff+=log(ExtendedPoisson(data_obsDict[datacard][k],mu,sk,bk))
matrix.py:339: RuntimeWarning: divide by zero encountered in log
  ff+=log(ExtendedPoisson(data_obsDict[datacard][k],mu,sk,bk))
matrix.py:339: RuntimeWarning: divide by zero encountered in log
  ff+=log(ExtendedPoisson(data_obsDict[datacard][k],mu,sk,bk))
matrix.py:339: RuntimeWarning: divide by zero encountered in log
  ff+=log(ExtendedPoisson(data_obsDict[datacard][k],mu,sk,bk))
matrix.py:339: RuntimeWarning: divide by zero encountered in log
  ff+=log(ExtendedPoisson(data_obsDict[datacard][k],mu,sk,bk))
matrix.py:339: RuntimeWarning: divide by zero encountered in log
  ff+=log(ExtendedPoisson(data_obsDict[datacard][k],mu,sk,bk))
matrix.py:339: RuntimeWarning: divide by zero encountered in log
  ff+=log(ExtendedPoisson(data_obsDict[datacard][k],mu,sk,bk))
matrix.py:339: RuntimeWarning: divide by zero encountered in log
  ff+=log(ExtendedPoisson(data_obsDict[datacard][k],mu,sk,bk))
matrix.py:339: RuntimeWarning: divide by zero encountered in log
  ff+=log(ExtendedPoisson(data_obsDict[datacard][k],mu,sk,bk))
matrix.py:339: RuntimeWarning: divide by zero encountered in log
  ff+=log(ExtendedPoisson(data_obsDict[datacard][k],mu,sk,bk))
matrix.py:339: RuntimeWarning: divide by zero encountered in log
  ff+=log(ExtendedPoisson(data_obsDict[datacard][k],mu,sk,bk))
matrix.py:339: RuntimeWarning: divide by zero encountered in log
  ff+=log(ExtendedPoisson(data_obsDict[datacard][k],mu,sk,bk))
matrix.py:339: RuntimeWarning: divide by zero encountered in log
  ff+=log(ExtendedPoisson(data_obsDict[datacard][k],mu,sk,bk))
matrix.py:339: RuntimeWarning: divide by zero encountered in log
  ff+=log(ExtendedPoisson(data_obsDict[datacard][k],mu,sk,bk))
matrix.py:339: RuntimeWarning: divide by zero encountered in log
  ff+=log(ExtendedPoisson(data_obsDict[datacard][k],mu,sk,bk))
matrix.py:339: RuntimeWarning: divide by zero encountered in log
  ff+=log(ExtendedPoisson(data_obsDict[datacard][k],mu,sk,bk))
matrix.py:339: RuntimeWarning: divide by zero encountered in log
  ff+=log(ExtendedPoisson(data_obsDict[datacard][k],mu,sk,bk))
matrix.py:339: RuntimeWarning: divide by zero encountered in log
  ff+=log(ExtendedPoisson(data_obsDict[datacard][k],mu,sk,bk))
matrix.py:339: RuntimeWarning: divide by zero encountered in log
  ff+=log(ExtendedPoisson(data_obsDict[datacard][k],mu,sk,bk))
matrix.py:339: RuntimeWarning: divide by zero encountered in log
  ff+=log(ExtendedPoisson(data_obsDict[datacard][k],mu,sk,bk))
matrix.py:339: RuntimeWarning: divide by zero encountered in log
  ff+=log(ExtendedPoisson(data_obsDict[datacard][k],mu,sk,bk))
matrix.py:339: RuntimeWarning: divide by zero encountered in log
  ff+=log(ExtendedPoisson(data_obsDict[datacard][k],mu,sk,bk))
matrix.py:339: RuntimeWarning: divide by zero encountered in log
  ff+=log(ExtendedPoisson(data_obsDict[datacard][k],mu,sk,bk))
matrix.py:339: RuntimeWarning: divide by zero encountered in log
  ff+=log(ExtendedPoisson(data_obsDict[datacard][k],mu,sk,bk))
matrix.py:339: RuntimeWarning: divide by zero encountered in log
  ff+=log(ExtendedPoisson(data_obsDict[datacard][k],mu,sk,bk))
matrix.py:339: RuntimeWarning: divide by zero encountered in log
  ff+=log(ExtendedPoisson(data_obsDict[datacard][k],mu,sk,bk))
matrix.py:339: RuntimeWarning: divide by zero encountered in log
  ff+=log(ExtendedPoisson(data_obsDict[datacard][k],mu,sk,bk))
matrix.py:339: RuntimeWarning: divide by zero encountered in log
  ff+=log(ExtendedPoisson(data_obsDict[datacard][k],mu,sk,bk))
matrix.py:339: RuntimeWarning: divide by zero encountered in log
  ff+=log(ExtendedPoisson(data_obsDict[datacard][k],mu,sk,bk))
matrix.py:339: RuntimeWarning: divide by zero encountered in log
  ff+=log(ExtendedPoisson(data_obsDict[datacard][k],mu,sk,bk))
matrix.py:339: RuntimeWarning: divide by zero encountered in log
  ff+=log(ExtendedPoisson(data_obsDict[datacard][k],mu,sk,bk))
matrix.py:339: RuntimeWarning: divide by zero encountered in log
  ff+=log(ExtendedPoisson(data_obsDict[datacard][k],mu,sk,bk))
matrix.py:339: RuntimeWarning: divide by zero encountered in log
  ff+=log(ExtendedPoisson(data_obsDict[datacard][k],mu,sk,bk))
matrix.py:339: RuntimeWarning: divide by zero encountered in log
  ff+=log(ExtendedPoisson(data_obsDict[datacard][k],mu,sk,bk))
matrix.py:339: RuntimeWarning: divide by zero encountered in log
  ff+=log(ExtendedPoisson(data_obsDict[datacard][k],mu,sk,bk))
matrix.py:339: RuntimeWarning: divide by zero encountered in log
  ff+=log(ExtendedPoisson(data_obsDict[datacard][k],mu,sk,bk))
matrix.py:339: RuntimeWarning: divide by zero encountered in log
  ff+=log(ExtendedPoisson(data_obsDict[datacard][k],mu,sk,bk))
matrix.py:339: RuntimeWarning: divide by zero encountered in log
  ff+=log(ExtendedPoisson(data_obsDict[datacard][k],mu,sk,bk))
matrix.py:339: RuntimeWarning: divide by zero encountered in log
  ff+=log(ExtendedPoisson(data_obsDict[datacard][k],mu,sk,bk))
matrix.py:339: RuntimeWarning: divide by zero encountered in log
  ff+=log(ExtendedPoisson(data_obsDict[datacard][k],mu,sk,bk))
matrix.py:339: RuntimeWarning: divide by zero encountered in log
  ff+=log(ExtendedPoisson(data_obsDict[datacard][k],mu,sk,bk))
matrix.py:339: RuntimeWarning: divide by zero encountered in log
  ff+=log(ExtendedPoisson(data_obsDict[datacard][k],mu,sk,bk))
matrix.py:339: RuntimeWarning: divide by zero encountered in log
  ff+=log(ExtendedPoisson(data_obsDict[datacard][k],mu,sk,bk))
matrix.py:339: RuntimeWarning: divide by zero encountered in log
  ff+=log(ExtendedPoisson(data_obsDict[datacard][k],mu,sk,bk))
matrix.py:339: RuntimeWarning: divide by zero encountered in log
  ff+=log(ExtendedPoisson(data_obsDict[datacard][k],mu,sk,bk))
matrix.py:339: RuntimeWarning: divide by zero encountered in log
  ff+=log(ExtendedPoisson(data_obsDict[datacard][k],mu,sk,bk))
matrix.py:339: RuntimeWarning: divide by zero encountered in log
  ff+=log(ExtendedPoisson(data_obsDict[datacard][k],mu,sk,bk))
matrix.py:339: RuntimeWarning: divide by zero encountered in log
  ff+=log(ExtendedPoisson(data_obsDict[datacard][k],mu,sk,bk))
matrix.py:339: RuntimeWarning: divide by zero encountered in log
  ff+=log(ExtendedPoisson(data_obsDict[datacard][k],mu,sk,bk))
matrix.py:339: RuntimeWarning: divide by zero encountered in log
  ff+=log(ExtendedPoisson(data_obsDict[datacard][k],mu,sk,bk))
